<?xml version="1.0" encoding="UTF-8"?>
<testsuite xmlns:xsi="http://www.w3.org/2001/XMLSchema-instance" xsi:noNamespaceSchemaLocation="https://maven.apache.org/surefire/maven-surefire-plugin/xsd/surefire-test-report-3.0.xsd" version="3.0" name="TestSuite" time="797.059" tests="8" errors="0" skipped="0" failures="1">
  <properties>
[...]
</properties>
  <testcase name="LoginWithInvailedUserName_N" classname="TCs.TC01_LoginOrangehrm" time="32.889">
    <system-out><![CDATA[Invalid credentials
]]></system-out>
    <system-err><![CDATA[log4j:WARN No appenders could be found for logger (org.testng.TestNG).
log4j:WARN Please initialize the log4j system properly.
log4j:WARN See http://logging.apache.org/log4j/1.2/faq.html#noconfig for more info.
Oct 28, 2025 10:33:46 PM org.openqa.selenium.devtools.CdpVersionFinder findNearestMatch
WARNING: Unable to find CDP implementation matching 141
Oct 28, 2025 10:33:46 PM org.openqa.selenium.chromium.ChromiumDriver lambda$new$5
WARNING: Unable to find version of CDP to use for 141.0.7390.123. You may need to include a dependency on a specific version of the CDP using something similar to `org.seleniumhq.selenium:selenium-devtools-v86:4.27.0` where the version ("v86") matches the version of the chromium-based browser you're using and the version number of the artifact is the same as Selenium's.
]]></system-err>
  </testcase>
  <testcase name="LoginWithInvailedPassword_N" classname="TCs.TC01_LoginOrangehrm" time="13.973">
    <system-out><![CDATA[Invalid credentials
]]></system-out>
  </testcase>
  <testcase name="LoginWithInvailedcredentials_N" classname="TCs.TC01_LoginOrangehrm" time="9.518">
    <system-out><![CDATA[Invalid credentials
]]></system-out>
  </testcase>
  <testcase name="LoginWithvViledCredentials_P" classname="TCs.TC01_LoginOrangehrm" time="23.208">
    <system-err><![CDATA[Oct 28, 2025 10:34:58 PM org.openqa.selenium.devtools.CdpVersionFinder findNearestMatch
WARNING: Unable to find CDP implementation matching 141
Oct 28, 2025 10:34:58 PM org.openqa.selenium.chromium.ChromiumDriver lambda$new$5
WARNING: Unable to find version of CDP to use for 141.0.7390.123. You may need to include a dependency on a specific version of the CDP using something similar to `org.seleniumhq.selenium:selenium-devtools-v86:4.27.0` where the version ("v86") matches the version of the chromium-based browser you're using and the version number of the artifact is the same as Selenium's.
]]></system-err>
  </testcase>
  <testcase name="LoginWithvViledCredentials_P" classname="TCs.TC01_LoginOrangehrm" time="51.748">
    <system-err><![CDATA[Oct 28, 2025 10:44:09 PM org.openqa.selenium.devtools.CdpVersionFinder findNearestMatch
WARNING: Unable to find CDP implementation matching 141
Oct 28, 2025 10:44:09 PM org.openqa.selenium.chromium.ChromiumDriver lambda$new$5
WARNING: Unable to find version of CDP to use for 141.0.7390.123. You may need to include a dependency on a specific version of the CDP using something similar to `org.seleniumhq.selenium:selenium-devtools-v86:4.27.0` where the version ("v86") matches the version of the chromium-based browser you're using and the version number of the artifact is the same as Selenium's.
]]></system-err>
  </testcase>
  <testcase name="assertLoggedInUserSideMenu" classname="TCs.TC02_dashboard" time="446.241">
    <system-out><![CDATA[PIM
Leave
Timesheets
Recruitment
My Info
Performance
Manage Reviews
Dashboard
Directory
Maintenance
Purge Records
Claim
Buzz
]]></system-out>
  </testcase>
  <testcase name="viewAdminModule" classname="TCs.TC02_dashboard" time="45.969">
    <system-out><![CDATA[Header text: Hosam Alsuhayman
dashboard: Dashboard
]]></system-out>
  </testcase>
  <testcase name="verifyUserCanAddEmployeeSuccessfully" classname="TCs.TC03_AddEmployee" time="63.184">
    <failure message="element click intercepted: Element &lt;button data-v-10d463b7=&quot;&quot; data-v-304890b0=&quot;&quot; type=&quot;submit&quot; class=&quot;oxd-button oxd-button--medium oxd-button--secondary orangehrm-left-space&quot;&gt;...&lt;/button&gt; is not clickable at point (891, 515). Other element would receive the click: &lt;div data-v-d5bfe35b=&quot;&quot; class=&quot;oxd-form-loader&quot;&gt;...&lt;/div&gt;&#10;  (Session info: chrome=141.0.7390.123)&#10;Build info: version: &apos;4.27.0&apos;, revision: &apos;d6e718d134&apos;&#10;System info: os.name: &apos;Windows 11&apos;, os.arch: &apos;amd64&apos;, os.version: &apos;10.0&apos;, java.version: &apos;21.0.7&apos;&#10;Driver info: org.openqa.selenium.chrome.ChromeDriver&#10;Command: [b2cf19b3c03010a389f11a367e9b120e, clickElement {id=f.DCEF86560FEB17D199ACA22DD992236C.d.3D84838F16F11171A4897ACCC72CF65C.e.77}]&#10;Capabilities {acceptInsecureCerts: false, browserName: chrome, browserVersion: 141.0.7390.123, chrome: {chromedriverVersion: 141.0.7390.122 (b477534e7e1..., userDataDir: C:\WINDOWS\SystemTemp\scope...}, fedcm:accounts: true, goog:chromeOptions: {debuggerAddress: localhost:59244}, networkConnectionEnabled: false, pageLoadStrategy: normal, platformName: windows, proxy: Proxy(), se:cdp: ws://localhost:59244/devtoo..., se:cdpVersion: 141.0.7390.123, setWindowRect: true, strictFileInteractability: false, timeouts: {implicit: 0, pageLoad: 300000, script: 30000}, unhandledPromptBehavior: dismiss and notify, webauthn:extension:credBlob: true, webauthn:extension:largeBlob: true, webauthn:extension:minPinLength: true, webauthn:extension:prf: true, webauthn:virtualAuthenticators: true}&#10;Element: [[ChromeDriver: chrome on windows (b2cf19b3c03010a389f11a367e9b120e)] -&gt; xpath: //button[normalize-space()=&apos;Save&apos;]]&#10;Session ID: b2cf19b3c03010a389f11a367e9b120e" type="org.openqa.selenium.ElementClickInterceptedException"><![CDATA[org.openqa.selenium.ElementClickInterceptedException: 
element click intercepted: Element <button data-v-10d463b7="" data-v-304890b0="" type="submit" class="oxd-button oxd-button--medium oxd-button--secondary orangehrm-left-space">...</button> is not clickable at point (891, 515). Other element would receive the click: <div data-v-d5bfe35b="" class="oxd-form-loader">...</div>
  (Session info: chrome=141.0.7390.123)
Build info: version: '4.27.0', revision: 'd6e718d134'
System info: os.name: 'Windows 11', os.arch: 'amd64', os.version: '10.0', java.version: '21.0.7'
Driver info: org.openqa.selenium.chrome.ChromeDriver
Command: [b2cf19b3c03010a389f11a367e9b120e, clickElement {id=f.DCEF86560FEB17D199ACA22DD992236C.d.3D84838F16F11171A4897ACCC72CF65C.e.77}]
Capabilities {acceptInsecureCerts: false, browserName: chrome, browserVersion: 141.0.7390.123, chrome: {chromedriverVersion: 141.0.7390.122 (b477534e7e1..., userDataDir: C:\WINDOWS\SystemTemp\scope...}, fedcm:accounts: true, goog:chromeOptions: {debuggerAddress: localhost:59244}, networkConnectionEnabled: false, pageLoadStrategy: normal, platformName: windows, proxy: Proxy(), se:cdp: ws://localhost:59244/devtoo..., se:cdpVersion: 141.0.7390.123, setWindowRect: true, strictFileInteractability: false, timeouts: {implicit: 0, pageLoad: 300000, script: 30000}, unhandledPromptBehavior: dismiss and notify, webauthn:extension:credBlob: true, webauthn:extension:largeBlob: true, webauthn:extension:minPinLength: true, webauthn:extension:prf: true, webauthn:virtualAuthenticators: true}
Element: [[ChromeDriver: chrome on windows (b2cf19b3c03010a389f11a367e9b120e)] -> xpath: //button[normalize-space()='Save']]
Session ID: b2cf19b3c03010a389f11a367e9b120e
	at TCs.TC03_AddEmployee.verifyUserCanAddEmployeeSuccessfully(TC03_AddEmployee.java:28)
]]></failure>
    <system-out><![CDATA[PIM
First Name : Ollie
Middle Name : Rene Huel Gutmann MD
Last Name : Bosco
]]></system-out>
  </testcase>
</testsuite>