<?xml version="1.0" encoding="UTF-8"?>
<testng-results ignored="0" total="4" passed="4" failed="0" skipped="0">
  <reporter-output>
  </reporter-output>
  <suite started-at="2025-10-25T13:42:02 EEST" name="Running Negative seniors For Login" finished-at="2025-10-25T13:42:40 EEST" duration-ms="38300">
    <groups>
    </groups>
    <test started-at="2025-10-25T13:42:02 EEST" name="Check positive seniors For Adding " finished-at="2025-10-25T13:42:40 EEST" duration-ms="38300">
      <class name="TCs.TC01_LoginOrangehrm">
        <test-method is-config="true" signature="beforeSuite()[pri:0, instance:TCs.TC01_LoginOrangehrm@6a47b187]" started-at="2025-10-25T13:42:01 EEST" name="beforeSuite" finished-at="2025-10-25T13:42:02 EEST" duration-ms="206" status="PASS">
          <reporter-output>
          </reporter-output>
        </test-method> <!-- beforeSuite -->
        <test-method is-config="true" signature="setup_driver(java.lang.String,java.lang.String)[pri:0, instance:TCs.TC01_LoginOrangehrm@6a47b187]" started-at="2025-10-25T13:42:02 EEST" name="setup_driver" finished-at="2025-10-25T13:42:21 EEST" duration-ms="19021" status="PASS">
          <params>
            <param index="0">
              <value>
                <![CDATA[]]>
              </value>
            </param>
            <param index="1">
              <value>
                <![CDATA[https://opensource-demo.orangehrmlive.com/web/index.php/auth/login]]>
              </value>
            </param>
          </params>
          <reporter-output>
          </reporter-output>
        </test-method> <!-- setup_driver -->
        <test-method signature="LoginWithvViledCredentials_P()[pri:1, instance:TCs.TC01_LoginOrangehrm@6a47b187]" started-at="2025-10-25T13:42:21 EEST" name="LoginWithvViledCredentials_P" description="Log in with vailed credentials successfully!" finished-at="2025-10-25T13:42:25 EEST" duration-ms="3940" status="PASS">
          <reporter-output>
          </reporter-output>
        </test-method> <!-- LoginWithvViledCredentials_P -->
        <test-method is-config="true" signature="tearDown_driver()[pri:0, instance:TCs.TC01_LoginOrangehrm@6a47b187]" started-at="2025-10-25T13:42:40 EEST" name="tearDown_driver" finished-at="2025-10-25T13:42:40 EEST" duration-ms="327" status="PASS">
          <reporter-output>
          </reporter-output>
        </test-method> <!-- tearDown_driver -->
        <test-method is-config="true" signature="afterSuite()[pri:0, instance:TCs.TC01_LoginOrangehrm@6a47b187]" started-at="2025-10-25T13:42:40 EEST" name="afterSuite" finished-at="2025-10-25T13:42:40 EEST" duration-ms="90" status="PASS">
          <reporter-output>
          </reporter-output>
        </test-method> <!-- afterSuite -->
      </class> <!-- TCs.TC01_LoginOrangehrm -->
      <class name="TCs.TC03_AddEmployee">
        <test-method signature="verifyUserCanAddEmployeeSuccessfully()[pri:1, instance:TCs.TC03_AddEmployee@6944e53e]" started-at="2025-10-25T13:42:25 EEST" name="verifyUserCanAddEmployeeSuccessfully" description="Log in with Invailed username" finished-at="2025-10-25T13:42:40 EEST" duration-ms="14879" status="PASS">
          <reporter-output>
          </reporter-output>
        </test-method> <!-- verifyUserCanAddEmployeeSuccessfully -->
      </class> <!-- TCs.TC03_AddEmployee -->
    </test> <!-- Check positive seniors For Adding  -->
  </suite> <!-- Running Negative seniors For Login -->
  <suite started-at="2025-10-25T13:43:04 EEST" name="All Test Suite" finished-at="2025-10-25T13:43:04 EEST" duration-ms="0">
    <groups>
    </groups>
  </suite> <!-- All Test Suite -->
  <suite started-at="2025-10-25T13:42:40 EEST" name="Running Negative seniors For Login (0)" finished-at="2025-10-25T13:43:02 EEST" duration-ms="21695">
    <groups>
    </groups>
    <test started-at="2025-10-25T13:42:40 EEST" name="Check positive seniors For Adding " finished-at="2025-10-25T13:43:02 EEST" duration-ms="21695">
      <class name="TCs.TC01_LoginOrangehrm">
        <test-method is-config="true" signature="beforeSuite()[pri:0, instance:TCs.TC01_LoginOrangehrm@38d17d80]" started-at="2025-10-25T13:42:40 EEST" name="beforeSuite" finished-at="2025-10-25T13:42:40 EEST" duration-ms="104" status="PASS">
          <reporter-output>
          </reporter-output>
        </test-method> <!-- beforeSuite -->
        <test-method is-config="true" signature="setup_driver(java.lang.String,java.lang.String)[pri:0, instance:TCs.TC01_LoginOrangehrm@38d17d80]" started-at="2025-10-25T13:42:40 EEST" name="setup_driver" finished-at="2025-10-25T13:42:47 EEST" duration-ms="6463" status="PASS">
          <params>
            <param index="0">
              <value>
                <![CDATA[]]>
              </value>
            </param>
            <param index="1">
              <value>
                <![CDATA[https://opensource-demo.orangehrmlive.com/web/index.php/auth/login]]>
              </value>
            </param>
          </params>
          <reporter-output>
          </reporter-output>
        </test-method> <!-- setup_driver -->
        <test-method signature="LoginWithvViledCredentials_P()[pri:1, instance:TCs.TC01_LoginOrangehrm@38d17d80]" started-at="2025-10-25T13:42:47 EEST" name="LoginWithvViledCredentials_P" description="Log in with vailed credentials successfully!" finished-at="2025-10-25T13:42:53 EEST" duration-ms="6538" status="PASS">
          <reporter-output>
          </reporter-output>
        </test-method> <!-- LoginWithvViledCredentials_P -->
        <test-method is-config="true" signature="tearDown_driver()[pri:0, instance:TCs.TC01_LoginOrangehrm@38d17d80]" started-at="2025-10-25T13:43:01 EEST" name="tearDown_driver" finished-at="2025-10-25T13:43:02 EEST" duration-ms="976" status="PASS">
          <reporter-output>
          </reporter-output>
        </test-method> <!-- tearDown_driver -->
        <test-method is-config="true" signature="afterSuite()[pri:0, instance:TCs.TC01_LoginOrangehrm@38d17d80]" started-at="2025-10-25T13:43:02 EEST" name="afterSuite" finished-at="2025-10-25T13:43:02 EEST" duration-ms="55" status="PASS">
          <reporter-output>
          </reporter-output>
        </test-method> <!-- afterSuite -->
      </class> <!-- TCs.TC01_LoginOrangehrm -->
      <class name="TCs.TC03_AddEmployee">
        <test-method signature="verifyUserCanAddUserRoleSuccessfully()[pri:2, instance:TCs.TC03_AddEmployee@5c82031b]" started-at="2025-10-25T13:42:53 EEST" name="verifyUserCanAddUserRoleSuccessfully" description="Log in with Invailed username" finished-at="2025-10-25T13:43:01 EEST" duration-ms="7636" status="PASS">
          <reporter-output>
          </reporter-output>
        </test-method> <!-- verifyUserCanAddUserRoleSuccessfully -->
      </class> <!-- TCs.TC03_AddEmployee -->
    </test> <!-- Check positive seniors For Adding  -->
  </suite> <!-- Running Negative seniors For Login (0) -->
</testng-results>
