<?xml version="1.0" encoding="UTF-8"?>
<!-- Generated by org.testng.reporters.JUnitXMLReporter -->
<testsuite ignored="8" hostname="Rahma_Shahba" failures="0" tests="2" name="Check positive seniors For Adding " time="21.695" errors="0" timestamp="2025-10-25T13:43:02 EEST">
  <testcase classname="TCs.TC01_LoginOrangehrm" name="LoginWithvViledCredentials_P" time="6.538"/>
  <testcase classname="TCs.TC03_AddEmployee" name="verifyUserCanAddUserRoleSuccessfully" time="7.636"/>
  <testcase classname="TCs.testbase" name="@AfterSuite afterSuite" time="0.0">
    <ignored/>
  </testcase> <!-- @AfterSuite afterSuite -->
  <testcase classname="TCs.testbase" name="@BeforeTest setup_driver" time="0.0">
    <ignored/>
  </testcase> <!-- @BeforeTest setup_driver -->
  <testcase classname="TCs.TC01_LoginOrangehrm" name="LoginWithInvailedPassword_N" time="0.0">
    <ignored/>
  </testcase> <!-- LoginWithInvailedPassword_N -->
  <testcase classname="TCs.TC01_LoginOrangehrm" name="LoginWithInvailedUserName_N" time="0.0">
    <ignored/>
  </testcase> <!-- LoginWithInvailedUserName_N -->
  <testcase classname="TCs.testbase" name="@BeforeSuite beforeSuite" time="0.0">
    <ignored/>
  </testcase> <!-- @BeforeSuite beforeSuite -->
  <testcase classname="TCs.TC03_AddEmployee" name="verifyUserCanAddEmployeeSuccessfully" time="0.0">
    <ignored/>
  </testcase> <!-- verifyUserCanAddEmployeeSuccessfully -->
  <testcase classname="TCs.TC01_LoginOrangehrm" name="LoginWithInvailedcredentials_N" time="0.0">
    <ignored/>
  </testcase> <!-- LoginWithInvailedcredentials_N -->
  <testcase classname="TCs.testbase" name="@AfterTest tearDown_driver" time="0.0">
    <ignored/>
  </testcase> <!-- @AfterTest tearDown_driver -->
</testsuite> <!-- Check positive seniors For Adding  -->
