<?xml version="1.0" encoding="UTF-8"?>
<!-- Generated by org.testng.reporters.JUnitXMLReporter -->
<testsuite ignored="7" hostname="Rahma_Shahba" failures="0" tests="3" name="Check Negative seniors For Login With Invailed User Name " time="537.735" errors="0" timestamp="2025-10-28T22:43:47 EEST">
  <testcase classname="TCs.TC01_LoginOrangehrm" name="LoginWithvViledCredentials_P" time="23.204"/>
  <testcase classname="TCs.TC02_dashboard" name="assertLoggedInUserSideMenu" time="446.21"/>
  <testcase classname="TCs.TC02_dashboard" name="viewAdminModule" time="45.967"/>
  <testcase classname="TCs.testbase" name="@AfterTest tearDown_driver" time="0.0">
    <ignored/>
  </testcase> <!-- @AfterTest tearDown_driver -->
  <testcase classname="TCs.TC01_LoginOrangehrm" name="LoginWithInvailedcredentials_N" time="0.0">
    <ignored/>
  </testcase> <!-- LoginWithInvailedcredentials_N -->
  <testcase classname="TCs.TC01_LoginOrangehrm" name="LoginWithInvailedPassword_N" time="0.0">
    <ignored/>
  </testcase> <!-- LoginWithInvailedPassword_N -->
  <testcase classname="TCs.TC01_LoginOrangehrm" name="LoginWithInvailedUserName_N" time="0.0">
    <ignored/>
  </testcase> <!-- LoginWithInvailedUserName_N -->
  <testcase classname="TCs.testbase" name="@AfterSuite afterSuite" time="0.0">
    <ignored/>
  </testcase> <!-- @AfterSuite afterSuite -->
  <testcase classname="TCs.testbase" name="@BeforeTest setup_driver" time="0.0">
    <ignored/>
  </testcase> <!-- @BeforeTest setup_driver -->
  <testcase classname="TCs.testbase" name="@BeforeSuite beforeSuite" time="0.0">
    <ignored/>
  </testcase> <!-- @BeforeSuite beforeSuite -->
</testsuite> <!-- Check Negative seniors For Login With Invailed User Name  -->
