<?xml version="1.0" encoding="UTF-8"?>
<!-- Generated by org.testng.reporters.JUnitXMLReporter -->
<testsuite ignored="1" hostname="Rahma_Shahba" failures="0" tests="3" name="Check Negative seniors For Login With Invailed User Name " time="86.397" errors="0" timestamp="2025-10-28T22:34:49 EEST">
  <testcase classname="TCs.TC01_LoginOrangehrm" name="LoginWithInvailedUserName_N" time="31.665"/>
  <testcase classname="TCs.TC01_LoginOrangehrm" name="LoginWithInvailedPassword_N" time="13.964"/>
  <testcase classname="TCs.TC01_LoginOrangehrm" name="LoginWithInvailedcredentials_N" time="9.51"/>
  <testcase classname="TCs.TC01_LoginOrangehrm" name="LoginWithvViledCredentials_P" time="0.0">
    <ignored/>
  </testcase> <!-- LoginWithvViledCredentials_P -->
</testsuite> <!-- Check Negative seniors For Login With Invailed User Name  -->
